<?xml version="1.0" encoding="UTF-8"?>
<testsuite xmlns:xsi="http://www.w3.org/2001/XMLSchema-instance" xsi:noNamespaceSchemaLocation="https://maven.apache.org/surefire/maven-surefire-plugin/xsd/surefire-test-report.xsd" name="com.aliak.demo.controller.CurrencyControllerTest" time="0.014" tests="5" errors="0" skipped="0" failures="0">
  <properties>
[...]
</properties>
  <testcase name="testDeleteOneCurrency" classname="com.aliak.demo.controller.CurrencyControllerTest" time="0.009"/>
  <testcase name="testSearchAllCurrencies" classname="com.aliak.demo.controller.CurrencyControllerTest" time="0.001"/>
  <testcase name="testGetAllCurrencies" classname="com.aliak.demo.controller.CurrencyControllerTest" time="0.001"/>
  <testcase name="testFindAllDeletedCurrency" classname="com.aliak.demo.controller.CurrencyControllerTest" time="0.001"/>
  <testcase name="testCompareCurrencies" classname="com.aliak.demo.controller.CurrencyControllerTest" time="0.001"/>
</testsuite>